<?xml version="1.0" encoding="UTF-8"?>
<testsuite xmlns:xsi="http://www.w3.org/2001/XMLSchema-instance" xsi:noNamespaceSchemaLocation="https://maven.apache.org/surefire/maven-surefire-plugin/xsd/surefire-test-report.xsd" version="3.0.2" name="com.NgoServer.NgoServerApplicationTests" time="16.378" tests="1" errors="0" skipped="0" failures="0">
  <properties>
[...]
</properties>
  <testcase name="contextLoads" classname="com.NgoServer.NgoServerApplicationTests" time="0.476">
    <system-out><![CDATA[22:31:40.992 [main] INFO org.springframework.test.context.support.AnnotationConfigContextLoaderUtils -- Could not detect default configuration classes for test class [com.NgoServer.NgoServerApplicationTests]: NgoServerApplicationTests does not declare any static, non-private, non-final, nested classes annotated with @Configuration.
22:31:41.121 [main] INFO org.springframework.boot.test.context.SpringBootTestContextBootstrapper -- Found @SpringBootConfiguration com.NgoServer.NgoServerApplication for test class com.NgoServer.NgoServerApplicationTests
22:31:41.296 [main] INFO org.springframework.boot.devtools.restart.RestartApplicationListener -- Restart disabled due to context in which it is running

  .   ____          _            __ _ _
 /\\ / ___'_ __ _ _(_)_ __  __ _ \ \ \ \
( ( )\___ | '_ | '_| | '_ \/ _` | \ \ \ \
 \\/  ___)| |_)| | | | | || (_| |  ) ) ) )
  '  |____| .__|_| |_|_| |_\__, | / / / /
 =========|_|==============|___/=/_/_/_/

 :: Spring Boot ::                (v3.4.3)

2025-03-23T22:31:41.703+05:30  INFO 15396 --- [NgoServer] [           main] c.NgoServer.NgoServerApplicationTests    : Starting NgoServerApplicationTests using Java 22.0.2 with PID 15396 (started by sachin in C:\Users\sachin\Downloads\NgoServer\NgoServer)
2025-03-23T22:31:41.703+05:30  INFO 15396 --- [NgoServer] [           main] c.NgoServer.NgoServerApplicationTests    : No active profile set, falling back to 1 default profile: "default"
2025-03-23T22:31:42.499+05:30  INFO 15396 --- [NgoServer] [           main] .s.d.r.c.RepositoryConfigurationDelegate : Bootstrapping Spring Data JPA repositories in DEFAULT mode.
2025-03-23T22:31:42.563+05:30  INFO 15396 --- [NgoServer] [           main] .s.d.r.c.RepositoryConfigurationDelegate : Finished Spring Data repository scanning in 61 ms. Found 5 JPA repository interfaces.
2025-03-23T22:31:43.261+05:30  INFO 15396 --- [NgoServer] [           main] o.hibernate.jpa.internal.util.LogHelper  : HHH000204: Processing PersistenceUnitInfo [name: default]
2025-03-23T22:31:43.354+05:30  INFO 15396 --- [NgoServer] [           main] org.hibernate.Version                    : HHH000412: Hibernate ORM core version 6.6.8.Final
2025-03-23T22:31:43.405+05:30  INFO 15396 --- [NgoServer] [           main] o.h.c.internal.RegionFactoryInitiator    : HHH000026: Second-level cache disabled
2025-03-23T22:31:43.840+05:30  INFO 15396 --- [NgoServer] [           main] o.s.o.j.p.SpringPersistenceUnitInfo      : No LoadTimeWeaver setup: ignoring JPA class transformer
2025-03-23T22:31:43.893+05:30  INFO 15396 --- [NgoServer] [           main] com.zaxxer.hikari.HikariDataSource       : HikariPool-1 - Starting...
2025-03-23T22:31:47.417+05:30  INFO 15396 --- [NgoServer] [           main] com.zaxxer.hikari.pool.HikariPool        : HikariPool-1 - Added connection org.postgresql.jdbc.PgConnection@51508029
2025-03-23T22:31:47.431+05:30  INFO 15396 --- [NgoServer] [           main] com.zaxxer.hikari.HikariDataSource       : HikariPool-1 - Start completed.
2025-03-23T22:31:47.761+05:30  WARN 15396 --- [NgoServer] [           main] org.hibernate.orm.deprecation            : HHH90000025: PostgreSQLDialect does not need to be specified explicitly using 'hibernate.dialect' (remove the property setting and it will be selected by default)
2025-03-23T22:31:48.349+05:30  INFO 15396 --- [NgoServer] [           main] org.hibernate.orm.connections.pooling    : HHH10001005: Database info:
	Database JDBC URL [Connecting through datasource 'HikariDataSource (HikariPool-1)']
	Database driver: undefined/unknown
	Database version: 15.8
	Autocommit mode: undefined/unknown
	Isolation level: undefined/unknown
	Minimum pool size: undefined/unknown
	Maximum pool size: undefined/unknown
2025-03-23T22:31:49.244+05:30  INFO 15396 --- [NgoServer] [           main] o.h.e.t.j.p.i.JtaPlatformInitiator       : HHH000489: No JTA platform available (set 'hibernate.transaction.jta.platform' to enable JTA platform integration)
2025-03-23T22:31:54.931+05:30  INFO 15396 --- [NgoServer] [           main] j.LocalContainerEntityManagerFactoryBean : Initialized JPA EntityManagerFactory for persistence unit 'default'
2025-03-23T22:31:55.299+05:30  INFO 15396 --- [NgoServer] [           main] o.s.d.j.r.query.QueryEnhancerFactory     : Hibernate is in classpath; If applicable, HQL parser will be used.
2025-03-23T22:31:56.047+05:30  INFO 15396 --- [NgoServer] [           main] eAuthenticationProviderManagerConfigurer : Global AuthenticationManager configured with AuthenticationProvider bean with name authenticationProvider
2025-03-23T22:31:56.047+05:30  WARN 15396 --- [NgoServer] [           main] r$InitializeUserDetailsManagerConfigurer : Global AuthenticationManager configured with an AuthenticationProvider bean. UserDetailsService beans will not be used by Spring Security for automatically configuring username/password login. Consider removing the AuthenticationProvider bean. Alternatively, consider using the UserDetailsService in a manually instantiated DaoAuthenticationProvider. If the current configuration is intentional, to turn off this warning, increase the logging level of 'org.springframework.security.config.annotation.authentication.configuration.InitializeUserDetailsBeanManagerConfigurer' to ERROR
2025-03-23T22:31:56.689+05:30  INFO 15396 --- [NgoServer] [           main] c.NgoServer.NgoServerApplicationTests    : Started NgoServerApplicationTests in 15.4 seconds (process running for 16.418)
]]></system-out>
    <system-err><![CDATA[Mockito is currently self-attaching to enable the inline-mock-maker. This will no longer work in future releases of the JDK. Please add Mockito as an agent to your build what is described in Mockito's documentation: https://javadoc.io/doc/org.mockito/mockito-core/latest/org/mockito/Mockito.html#0.3
WARNING: A Java agent has been loaded dynamically (C:\Users\sachin\.m2\repository\net\bytebuddy\byte-buddy-agent\1.15.11\byte-buddy-agent-1.15.11.jar)
WARNING: If a serviceability tool is in use, please run with -XX:+EnableDynamicAgentLoading to hide this warning
WARNING: If a serviceability tool is not in use, please run with -Djdk.instrument.traceUsage for more information
WARNING: Dynamic loading of agents will be disallowed by default in a future release
]]></system-err>
  </testcase>
</testsuite>